<?xml version="1.0" encoding="UTF-8"?>
<testng-results skipped="0" failed="0" total="1" passed="1">
  <reporter-output>
  </reporter-output>
  <suite name="Suite" duration-ms="20637" started-at="2019-08-23T05:36:26Z" finished-at="2019-08-23T05:36:47Z">
    <groups>
    </groups>
    <test name="Test" duration-ms="20637" started-at="2019-08-23T05:36:26Z" finished-at="2019-08-23T05:36:47Z">
      <class name="testCases.TestCase1">
        <test-method status="PASS" signature="tc01()[pri:0, instance:testCases.TestCase1@6833ce2c]" name="tc01" duration-ms="20620" started-at="2019-08-23T11:06:26Z" finished-at="2019-08-23T11:06:47Z">
          <reporter-output>
          </reporter-output>
        </test-method> <!-- tc01 -->
      </class> <!-- testCases.TestCase1 -->
    </test> <!-- Test -->
  </suite> <!-- Suite -->
</testng-results>
